<?xml version="1.0" encoding="UTF-8"?>
<!-- Generated by org.testng.reporters.JUnitReportReporter -->
<testsuite hostname="HpPoonam" failures="0" tests="1" name="Tests.TestOnFB" time="0.485" errors="0" timestamp="27 Aug 2023 05:15:37 GMT">
  <testcase classname="Tests.TestOnFB" name="checkForgottenPasswordLink" time="0.485"/>
</testsuite> <!-- Tests.TestOnFB -->
